# JRE version: Java(TM) SE Runtime Environment (8.0_151-b12) (build 1.8.0_151-b12)
# Java VM: Java HotSpot(TM) 64-Bit Server VM (25.151-b12 mixed mode windows-amd64 compressed oops)
Heap:
 PSYoungGen      total 2446848K, used 2056754K [0x000000066ab00000, 0x0000000715580000, 0x00000007c0000000)
  eden space 2097664K, 98% used [0x000000066ab00000,0x00000006e83236c0,0x00000006eab80000)
  from space 349184K, 0% used [0x00000006eab80000,0x00000006eabe9278,0x0000000700080000)
  to   space 349184K, 0% used [0x0000000700080000,0x0000000700080000,0x0000000715580000)
 ParOldGen       total 5592576K, used 4201219K [0x00000003c0000000, 0x0000000515580000, 0x000000066ab00000)
  object space 5592576K, 75% used [0x00000003c0000000,0x00000004c06c0dd0,0x0000000515580000)
 Metaspace       used 2756K, capacity 4550K, committed 4864K, reserved 1056768K
  class space    used 295K, capacity 386K, committed 512K, reserved 1048576K
GC Heap History (10 events):
Event: 47.932 GC heap before
{Heap before GC invocations=21 (full 0):
 PSYoungGen      total 2446848K, used 2097760K [0x000000066ab00000, 0x0000000715580000, 0x00000007c0000000)
  eden space 2097664K, 100% used [0x000000066ab00000,0x00000006eab80000,0x00000006eab80000)
  from space 349184K, 0% used [0x0000000700080000,0x0000000700098000,0x0000000715580000)
  to   space 349184K, 0% used [0x00000006eab80000,0x00000006eab80000,0x0000000700080000)
 ParOldGen       total 5592576K, used 4201203K [0x00000003c0000000, 0x0000000515580000, 0x000000066ab00000)
  object space 5592576K, 75% used [0x00000003c0000000,0x00000004c06bcdd0,0x0000000515580000)
 Metaspace       used 2756K, capacity 4550K, committed 4864K, reserved 1056768K
  class space    used 295K, capacity 386K, committed 512K, reserved 1048576K
Event: 47.938 GC heap after
Heap after GC invocations=21 (full 0):
 PSYoungGen      total 2446848K, used 676K [0x000000066ab00000, 0x0000000715580000, 0x00000007c0000000)
  eden space 2097664K, 0% used [0x000000066ab00000,0x000000066ab00000,0x00000006eab80000)
  from space 349184K, 0% used [0x00000006eab80000,0x00000006eac29278,0x0000000700080000)
  to   space 349184K, 0% used [0x0000000700080000,0x0000000700080000,0x0000000715580000)
 ParOldGen       total 5592576K, used 4201203K [0x00000003c0000000, 0x0000000515580000, 0x000000066ab00000)
  object space 5592576K, 75% used [0x00000003c0000000,0x00000004c06bcdd0,0x0000000515580000)
 Metaspace       used 2756K, capacity 4550K, committed 4864K, reserved 1056768K
  class space    used 295K, capacity 386K, committed 512K, reserved 1048576K
}
Event: 48.712 GC heap before
{Heap before GC invocations=22 (full 0):
 PSYoungGen      total 2446848K, used 2098340K [0x000000066ab00000, 0x0000000715580000, 0x00000007c0000000)
  eden space 2097664K, 100% used [0x000000066ab00000,0x00000006eab80000,0x00000006eab80000)
  from space 349184K, 0% used [0x00000006eab80000,0x00000006eac29278,0x0000000700080000)
  to   space 349184K, 0% used [0x0000000700080000,0x0000000700080000,0x0000000715580000)
 ParOldGen       total 5592576K, used 4201203K [0x00000003c0000000, 0x0000000515580000, 0x000000066ab00000)
  object space 5592576K, 75% used [0x00000003c0000000,0x00000004c06bcdd0,0x0000000515580000)
 Metaspace       used 2756K, capacity 4550K, committed 4864K, reserved 1056768K
  class space    used 295K, capacity 386K, committed 512K, reserved 1048576K
Event: 48.717 GC heap after
Heap after GC invocations=22 (full 0):
 PSYoungGen      total 2446848K, used 344K [0x000000066ab00000, 0x0000000715580000, 0x00000007c0000000)
  eden space 2097664K, 0% used [0x000000066ab00000,0x000000066ab00000,0x00000006eab80000)
  from space 349184K, 0% used [0x0000000700080000,0x00000007000d61a8,0x0000000715580000)
  to   space 349184K, 0% used [0x00000006eab80000,0x00000006eab80000,0x0000000700080000)
 ParOldGen       total 5592576K, used 4201211K [0x00000003c0000000, 0x0000000515580000, 0x000000066ab00000)
  object space 5592576K, 75% used [0x00000003c0000000,0x00000004c06bedd0,0x0000000515580000)
 Metaspace       used 2756K, capacity 4550K, committed 4864K, reserved 1056768K
  class space    used 295K, capacity 386K, committed 512K, reserved 1048576K
}
Event: 49.483 GC heap before
{Heap before GC invocations=23 (full 0):
 PSYoungGen      total 2446848K, used 2098008K [0x000000066ab00000, 0x0000000715580000, 0x00000007c0000000)
  eden space 2097664K, 100% used [0x000000066ab00000,0x00000006eab80000,0x00000006eab80000)
  from space 349184K, 0% used [0x0000000700080000,0x00000007000d61a8,0x0000000715580000)
  to   space 349184K, 0% used [0x00000006eab80000,0x00000006eab80000,0x0000000700080000)
 ParOldGen       total 5592576K, used 4201211K [0x00000003c0000000, 0x0000000515580000, 0x000000066ab00000)
  object space 5592576K, 75% used [0x00000003c0000000,0x00000004c06bedd0,0x0000000515580000)
 Metaspace       used 2756K, capacity 4550K, committed 4864K, reserved 1056768K
  class space    used 295K, capacity 386K, committed 512K, reserved 1048576K
Event: 49.489 GC heap after
Heap after GC invocations=23 (full 0):
 PSYoungGen      total 2446848K, used 352K [0x000000066ab00000, 0x0000000715580000, 0x00000007c0000000)
  eden space 2097664K, 0% used [0x000000066ab00000,0x000000066ab00000,0x00000006eab80000)
  from space 349184K, 0% used [0x00000006eab80000,0x00000006eabd8000,0x0000000700080000)
  to   space 349184K, 0% used [0x0000000700080000,0x0000000700080000,0x0000000715580000)
 ParOldGen       total 5592576K, used 4201211K [0x00000003c0000000, 0x0000000515580000, 0x000000066ab00000)
  object space 5592576K, 75% used [0x00000003c0000000,0x00000004c06bedd0,0x0000000515580000)
 Metaspace       used 2756K, capacity 4550K, committed 4864K, reserved 1056768K
  class space    used 295K, capacity 386K, committed 512K, reserved 1048576K
}
Event: 50.329 GC heap before
{Heap before GC invocations=24 (full 0):
 PSYoungGen      total 2446848K, used 2098016K [0x000000066ab00000, 0x0000000715580000, 0x00000007c0000000)
  eden space 2097664K, 100% used [0x000000066ab00000,0x00000006eab80000,0x00000006eab80000)
  from space 349184K, 0% used [0x00000006eab80000,0x00000006eabd8000,0x0000000700080000)
  to   space 349184K, 0% used [0x0000000700080000,0x0000000700080000,0x0000000715580000)
 ParOldGen       total 5592576K, used 4201211K [0x00000003c0000000, 0x0000000515580000, 0x000000066ab00000)
  object space 5592576K, 75% used [0x00000003c0000000,0x00000004c06bedd0,0x0000000515580000)
 Metaspace       used 2756K, capacity 4550K, committed 4864K, reserved 1056768K
  class space    used 295K, capacity 386K, committed 512K, reserved 1048576K
Event: 50.335 GC heap after
Heap after GC invocations=24 (full 0):
 PSYoungGen      total 2446848K, used 128K [0x000000066ab00000, 0x0000000715580000, 0x00000007c0000000)
  eden space 2097664K, 0% used [0x000000066ab00000,0x000000066ab00000,0x00000006eab80000)
  from space 349184K, 0% used [0x0000000700080000,0x00000007000a0000,0x0000000715580000)
  to   space 349184K, 0% used [0x00000006eab80000,0x00000006eab80000,0x0000000700080000)
 ParOldGen       total 5592576K, used 4201219K [0x00000003c0000000, 0x0000000515580000, 0x000000066ab00000)
  object space 5592576K, 75% used [0x00000003c0000000,0x00000004c06c0dd0,0x0000000515580000)
 Metaspace       used 2756K, capacity 4550K, committed 4864K, reserved 1056768K
  class space    used 295K, capacity 386K, committed 512K, reserved 1048576K
}
Event: 51.139 GC heap before
{Heap before GC invocations=25 (full 0):
 PSYoungGen      total 2446848K, used 2097792K [0x000000066ab00000, 0x0000000715580000, 0x00000007c0000000)
  eden space 2097664K, 100% used [0x000000066ab00000,0x00000006eab80000,0x00000006eab80000)
  from space 349184K, 0% used [0x0000000700080000,0x00000007000a0000,0x0000000715580000)
  to   space 349184K, 0% used [0x00000006eab80000,0x00000006eab80000,0x0000000700080000)
 ParOldGen       total 5592576K, used 4201219K [0x00000003c0000000, 0x0000000515580000, 0x000000066ab00000)
  object space 5592576K, 75% used [0x00000003c0000000,0x00000004c06c0dd0,0x0000000515580000)
 Metaspace       used 2756K, capacity 4550K, committed 4864K, reserved 1056768K
  class space    used 295K, capacity 386K, committed 512K, reserved 1048576K
Event: 51.145 GC heap after
Heap after GC invocations=25 (full 0):
 PSYoungGen      total 2446848K, used 420K [0x000000066ab00000, 0x0000000715580000, 0x00000007c0000000)
  eden space 2097664K, 0% used [0x000000066ab00000,0x000000066ab00000,0x00000006eab80000)
  from space 349184K, 0% used [0x00000006eab80000,0x00000006eabe9278,0x0000000700080000)
  to   space 349184K, 0% used [0x0000000700080000,0x0000000700080000,0x0000000715580000)
 ParOldGen       total 5592576K, used 4201219K [0x00000003c0000000, 0x0000000515580000, 0x000000066ab00000)
  object space 5592576K, 75% used [0x00000003c0000000,0x00000004c06c0dd0,0x0000000515580000)
 Metaspace       used 2756K, capacity 4550K, committed 4864K, reserved 1056768K
  class space    used 295K, capacity 386K, committed 512K, reserved 1048576K
}

