# JRE version: Java(TM) SE Runtime Environment (8.0_151-b12) (build 1.8.0_151-b12)
# Java VM: Java HotSpot(TM) 64-Bit Server VM (25.151-b12 mixed mode windows-amd64 compressed oops)
Heap:
 PSYoungGen      total 2271744K, used 2097152K [0x000000066ab00000, 0x0000000700000000, 0x00000007c0000000)
  eden space 2097152K, 100% used [0x000000066ab00000,0x00000006eab00000,0x00000006eab00000)
  from space 174592K, 0% used [0x00000006f5580000,0x00000006f5580000,0x0000000700000000)
  to   space 174592K, 0% used [0x00000006eab00000,0x00000006eab00000,0x00000006f5580000)
 ParOldGen       total 2796544K, used 2796432K [0x00000003c0000000, 0x000000046ab00000, 0x000000066ab00000)
  object space 2796544K, 99% used [0x00000003c0000000,0x000000046aae42d8,0x000000046ab00000)
 Metaspace       used 2755K, capacity 4550K, committed 4864K, reserved 1056768K
  class space    used 295K, capacity 386K, committed 512K, reserved 1048576K
GC Heap History (10 events):
Event: 176.201 GC heap after
Heap after GC invocations=9 (full 5):
 PSYoungGen      total 2271744K, used 1391282K [0x000000066ab00000, 0x0000000700000000, 0x00000007c0000000)
  eden space 2097152K, 66% used [0x000000066ab00000,0x00000006bf9aca58,0x00000006eab00000)
  from space 174592K, 0% used [0x00000006f5580000,0x00000006f5580000,0x0000000700000000)
  to   space 174592K, 0% used [0x00000006eab00000,0x00000006eab00000,0x00000006f5580000)
 ParOldGen       total 2796544K, used 2796432K [0x00000003c0000000, 0x000000046ab00000, 0x000000066ab00000)
  object space 2796544K, 99% used [0x00000003c0000000,0x000000046aae42d8,0x000000046ab00000)
 Metaspace       used 2751K, capacity 4550K, committed 4864K, reserved 1056768K
  class space    used 295K, capacity 386K, committed 512K, reserved 1048576K
}
Event: 176.605 GC heap before
{Heap before GC invocations=10 (full 6):
 PSYoungGen      total 2271744K, used 2097152K [0x000000066ab00000, 0x0000000700000000, 0x00000007c0000000)
  eden space 2097152K, 100% used [0x000000066ab00000,0x00000006eab00000,0x00000006eab00000)
  from space 174592K, 0% used [0x00000006f5580000,0x00000006f5580000,0x0000000700000000)
  to   space 174592K, 0% used [0x00000006eab00000,0x00000006eab00000,0x00000006f5580000)
 ParOldGen       total 2796544K, used 2796432K [0x00000003c0000000, 0x000000046ab00000, 0x000000066ab00000)
  object space 2796544K, 99% used [0x00000003c0000000,0x000000046aae42d8,0x000000046ab00000)
 Metaspace       used 2751K, capacity 4550K, committed 4864K, reserved 1056768K
  class space    used 295K, capacity 386K, committed 512K, reserved 1048576K
Event: 178.319 GC heap after
Heap after GC invocations=10 (full 6):
 PSYoungGen      total 2271744K, used 1391350K [0x000000066ab00000, 0x0000000700000000, 0x00000007c0000000)
  eden space 2097152K, 66% used [0x000000066ab00000,0x00000006bf9bd960,0x00000006eab00000)
  from space 174592K, 0% used [0x00000006f5580000,0x00000006f5580000,0x0000000700000000)
  to   space 174592K, 0% used [0x00000006eab00000,0x00000006eab00000,0x00000006f5580000)
 ParOldGen       total 2796544K, used 2796432K [0x00000003c0000000, 0x000000046ab00000, 0x000000066ab00000)
  object space 2796544K, 99% used [0x00000003c0000000,0x000000046aae42d8,0x000000046ab00000)
 Metaspace       used 2751K, capacity 4550K, committed 4864K, reserved 1056768K
  class space    used 295K, capacity 386K, committed 512K, reserved 1048576K
}
Event: 178.625 GC heap before
{Heap before GC invocations=11 (full 7):
 PSYoungGen      total 2271744K, used 2097152K [0x000000066ab00000, 0x0000000700000000, 0x00000007c0000000)
  eden space 2097152K, 100% used [0x000000066ab00000,0x00000006eab00000,0x00000006eab00000)
  from space 174592K, 0% used [0x00000006f5580000,0x00000006f5580000,0x0000000700000000)
  to   space 174592K, 0% used [0x00000006eab00000,0x00000006eab00000,0x00000006f5580000)
 ParOldGen       total 2796544K, used 2796432K [0x00000003c0000000, 0x000000046ab00000, 0x000000066ab00000)
  object space 2796544K, 99% used [0x00000003c0000000,0x000000046aae42d8,0x000000046ab00000)
 Metaspace       used 2751K, capacity 4550K, committed 4864K, reserved 1056768K
  class space    used 295K, capacity 386K, committed 512K, reserved 1048576K
Event: 180.544 GC heap after
Heap after GC invocations=11 (full 7):
 PSYoungGen      total 2271744K, used 1391431K [0x000000066ab00000, 0x0000000700000000, 0x00000007c0000000)
  eden space 2097152K, 66% used [0x000000066ab00000,0x00000006bf9d1eb0,0x00000006eab00000)
  from space 174592K, 0% used [0x00000006f5580000,0x00000006f5580000,0x0000000700000000)
  to   space 174592K, 0% used [0x00000006eab00000,0x00000006eab00000,0x00000006f5580000)
 ParOldGen       total 2796544K, used 2796432K [0x00000003c0000000, 0x000000046ab00000, 0x000000066ab00000)
  object space 2796544K, 99% used [0x00000003c0000000,0x000000046aae42d8,0x000000046ab00000)
 Metaspace       used 2751K, capacity 4550K, committed 4864K, reserved 1056768K
  class space    used 295K, capacity 386K, committed 512K, reserved 1048576K
}
Event: 180.864 GC heap before
{Heap before GC invocations=12 (full 8):
 PSYoungGen      total 2271744K, used 2097152K [0x000000066ab00000, 0x0000000700000000, 0x00000007c0000000)
  eden space 2097152K, 100% used [0x000000066ab00000,0x00000006eab00000,0x00000006eab00000)
  from space 174592K, 0% used [0x00000006f5580000,0x00000006f5580000,0x0000000700000000)
  to   space 174592K, 0% used [0x00000006eab00000,0x00000006eab00000,0x00000006f5580000)
 ParOldGen       total 2796544K, used 2796432K [0x00000003c0000000, 0x000000046ab00000, 0x000000066ab00000)
  object space 2796544K, 99% used [0x00000003c0000000,0x000000046aae42d8,0x000000046ab00000)
 Metaspace       used 2751K, capacity 4550K, committed 4864K, reserved 1056768K
  class space    used 295K, capacity 386K, committed 512K, reserved 1048576K
Event: 182.951 GC heap after
Heap after GC invocations=12 (full 8):
 PSYoungGen      total 2271744K, used 1391519K [0x000000066ab00000, 0x0000000700000000, 0x00000007c0000000)
  eden space 2097152K, 66% used [0x000000066ab00000,0x00000006bf9e7c98,0x00000006eab00000)
  from space 174592K, 0% used [0x00000006f5580000,0x00000006f5580000,0x0000000700000000)
  to   space 174592K, 0% used [0x00000006eab00000,0x00000006eab00000,0x00000006f5580000)
 ParOldGen       total 2796544K, used 2796432K [0x00000003c0000000, 0x000000046ab00000, 0x000000066ab00000)
  object space 2796544K, 99% used [0x00000003c0000000,0x000000046aae42d8,0x000000046ab00000)
 Metaspace       used 2751K, capacity 4550K, committed 4864K, reserved 1056768K
  class space    used 295K, capacity 386K, committed 512K, reserved 1048576K
}
Event: 183.225 GC heap before
{Heap before GC invocations=13 (full 9):
 PSYoungGen      total 2271744K, used 2097152K [0x000000066ab00000, 0x0000000700000000, 0x00000007c0000000)
  eden space 2097152K, 100% used [0x000000066ab00000,0x00000006eab00000,0x00000006eab00000)
  from space 174592K, 0% used [0x00000006f5580000,0x00000006f5580000,0x0000000700000000)
  to   space 174592K, 0% used [0x00000006eab00000,0x00000006eab00000,0x00000006f5580000)
 ParOldGen       total 2796544K, used 2796432K [0x00000003c0000000, 0x000000046ab00000, 0x000000066ab00000)
  object space 2796544K, 99% used [0x00000003c0000000,0x000000046aae42d8,0x000000046ab00000)
 Metaspace       used 2751K, capacity 4550K, committed 4864K, reserved 1056768K
  class space    used 295K, capacity 386K, committed 512K, reserved 1048576K
Event: 184.949 GC heap after
Heap after GC invocations=13 (full 9):
 PSYoungGen      total 2271744K, used 1391614K [0x000000066ab00000, 0x0000000700000000, 0x00000007c0000000)
  eden space 2097152K, 66% used [0x000000066ab00000,0x00000006bf9ff958,0x00000006eab00000)
  from space 174592K, 0% used [0x00000006f5580000,0x00000006f5580000,0x0000000700000000)
  to   space 174592K, 0% used [0x00000006eab00000,0x00000006eab00000,0x00000006f5580000)
 ParOldGen       total 2796544K, used 2796432K [0x00000003c0000000, 0x000000046ab00000, 0x000000066ab00000)
  object space 2796544K, 99% used [0x00000003c0000000,0x000000046aae42d8,0x000000046ab00000)
 Metaspace       used 2751K, capacity 4550K, committed 4864K, reserved 1056768K
  class space    used 295K, capacity 386K, committed 512K, reserved 1048576K
}
Event: 186.257 GC heap before
{Heap before GC invocations=14 (full 10):
 PSYoungGen      total 2271744K, used 2097152K [0x000000066ab00000, 0x0000000700000000, 0x00000007c0000000)
  eden space 2097152K, 100% used [0x000000066ab00000,0x00000006eab00000,0x00000006eab00000)
  from space 174592K, 0% used [0x00000006f5580000,0x00000006f5580000,0x0000000700000000)
  to   space 174592K, 0% used [0x00000006eab00000,0x00000006eab00000,0x00000006f5580000)
 ParOldGen       total 2796544K, used 2796432K [0x00000003c0000000, 0x000000046ab00000, 0x000000066ab00000)
  object space 2796544K, 99% used [0x00000003c0000000,0x000000046aae42d8,0x000000046ab00000)
 Metaspace       used 2752K, capacity 4550K, committed 4864K, reserved 1056768K
  class space    used 295K, capacity 386K, committed 512K, reserved 1048576K

